2020-04-06 01:12:15,394 django.utils.autoreload INFO     Watching for file changes with StatReloader
2020-04-06 01:13:23,068 django.utils.autoreload INFO     C:\Users\mchouras\Desktop\Home Automation\home_automation\home_automation\urls.py changed, reloading.
2020-04-06 01:13:27,591 django.utils.autoreload INFO     Watching for file changes with StatReloader
2020-04-06 01:14:56,493 django.utils.autoreload INFO     C:\Users\mchouras\Desktop\Home Automation\home_automation\home_automation\settings.py changed, reloading.
2020-04-06 01:15:01,725 django.utils.autoreload INFO     Watching for file changes with StatReloader
2020-04-06 01:17:58,772 django.utils.autoreload INFO     Watching for file changes with StatReloader
2020-04-06 01:30:39,653 django.utils.autoreload INFO     Watching for file changes with StatReloader
2020-04-06 01:32:07,316 django.utils.autoreload INFO     Watching for file changes with StatReloader
2020-04-06 01:45:28,416 django.utils.autoreload INFO     Watching for file changes with StatReloader
2020-04-06 01:45:40,767 django.request WARNING  Forbidden: /registration/
2020-04-06 01:47:30,451 django.utils.autoreload INFO     C:\Users\mchouras\Desktop\Home Automation\home_automation\device_crud\models.py changed, reloading.
2020-04-06 01:47:35,281 django.utils.autoreload INFO     Watching for file changes with StatReloader
2020-04-06 01:47:38,908 django.utils.autoreload INFO     C:\Users\mchouras\Desktop\Home Automation\home_automation\device_crud\models.py changed, reloading.
2020-04-06 02:04:19,466 django.utils.autoreload INFO     Watching for file changes with StatReloader
2020-04-06 02:14:38,550 django.utils.autoreload INFO     C:\Users\mchouras\Desktop\Home Automation\home_automation\device_crud\admin.py changed, reloading.
2020-04-06 02:14:42,970 django.utils.autoreload INFO     Watching for file changes with StatReloader
2020-04-06 02:14:50,968 django.utils.autoreload INFO     C:\Users\mchouras\Desktop\Home Automation\home_automation\device_crud\admin.py changed, reloading.
2020-04-06 02:14:55,441 django.utils.autoreload INFO     Watching for file changes with StatReloader
2020-04-06 02:15:09,265 django.utils.autoreload INFO     C:\Users\mchouras\Desktop\Home Automation\home_automation\device_crud\admin.py changed, reloading.
2020-04-06 02:15:13,903 django.utils.autoreload INFO     Watching for file changes with StatReloader
2020-04-06 02:15:40,070 django.utils.autoreload INFO     C:\Users\mchouras\Desktop\Home Automation\home_automation\device_crud\admin.py changed, reloading.
2020-04-06 02:15:46,433 django.utils.autoreload INFO     Watching for file changes with StatReloader
2020-04-06 02:17:32,930 django.utils.autoreload INFO     Watching for file changes with StatReloader
2020-04-06 02:18:43,378 django.request WARNING  Not Found: /favicon.ico
2020-04-06 02:18:49,374 django.request WARNING  Not Found: /favicon.ico
2020-04-06 02:19:00,489 django.request WARNING  Not Found: /favicon.ico
2020-04-06 02:26:38,744 django.utils.autoreload INFO     C:\Users\mchouras\Desktop\Home Automation\home_automation\device_crud\views.py changed, reloading.
2020-04-06 02:26:43,697 django.utils.autoreload INFO     Watching for file changes with StatReloader
2020-04-06 02:27:14,250 django.utils.autoreload INFO     C:\Users\mchouras\Desktop\Home Automation\home_automation\device_crud\views.py changed, reloading.
2020-04-06 02:27:19,532 django.utils.autoreload INFO     Watching for file changes with StatReloader
2020-04-06 02:27:35,676 django.utils.autoreload INFO     C:\Users\mchouras\Desktop\Home Automation\home_automation\device_crud\views.py changed, reloading.
2020-04-06 02:27:39,221 django.utils.autoreload INFO     Watching for file changes with StatReloader
2020-04-06 02:27:56,878 django.utils.autoreload INFO     C:\Users\mchouras\Desktop\Home Automation\home_automation\device_crud\views.py changed, reloading.
2020-04-06 02:28:01,129 django.utils.autoreload INFO     Watching for file changes with StatReloader
2020-04-06 02:28:46,339 django.utils.autoreload INFO     C:\Users\mchouras\Desktop\Home Automation\home_automation\device_crud\views.py changed, reloading.
2020-04-06 02:28:50,110 django.utils.autoreload INFO     Watching for file changes with StatReloader
2020-04-06 02:29:01,658 django.utils.autoreload INFO     C:\Users\mchouras\Desktop\Home Automation\home_automation\device_crud\views.py changed, reloading.
2020-04-06 02:29:06,718 django.utils.autoreload INFO     Watching for file changes with StatReloader
2020-04-06 02:29:17,606 django.utils.autoreload INFO     C:\Users\mchouras\Desktop\Home Automation\home_automation\device_crud\views.py changed, reloading.
2020-04-06 02:29:22,379 django.utils.autoreload INFO     Watching for file changes with StatReloader
2020-04-06 02:29:35,585 django.utils.autoreload INFO     C:\Users\mchouras\Desktop\Home Automation\home_automation\device_crud\views.py changed, reloading.
2020-04-06 02:29:41,214 django.utils.autoreload INFO     Watching for file changes with StatReloader
2020-04-06 02:29:55,690 django.utils.autoreload INFO     C:\Users\mchouras\Desktop\Home Automation\home_automation\device_crud\views.py changed, reloading.
2020-04-06 02:29:59,872 django.utils.autoreload INFO     Watching for file changes with StatReloader
2020-04-06 02:30:10,062 django.utils.autoreload INFO     C:\Users\mchouras\Desktop\Home Automation\home_automation\device_crud\views.py changed, reloading.
2020-04-06 02:30:15,840 django.utils.autoreload INFO     Watching for file changes with StatReloader
2020-04-06 02:30:46,665 django.utils.autoreload INFO     C:\Users\mchouras\Desktop\Home Automation\home_automation\device_crud\views.py changed, reloading.
2020-04-06 02:30:50,805 django.utils.autoreload INFO     Watching for file changes with StatReloader
2020-04-06 02:31:13,710 django.utils.autoreload INFO     C:\Users\mchouras\Desktop\Home Automation\home_automation\device_crud\views.py changed, reloading.
2020-04-06 02:31:18,520 django.utils.autoreload INFO     Watching for file changes with StatReloader
2020-04-06 02:31:28,806 django.utils.autoreload INFO     C:\Users\mchouras\Desktop\Home Automation\home_automation\device_crud\views.py changed, reloading.
2020-04-06 02:31:34,353 django.utils.autoreload INFO     Watching for file changes with StatReloader
2020-04-06 02:31:50,772 django.utils.autoreload INFO     C:\Users\mchouras\Desktop\Home Automation\home_automation\device_crud\views.py changed, reloading.
2020-04-06 02:31:56,244 django.utils.autoreload INFO     Watching for file changes with StatReloader
2020-04-06 02:32:14,476 django.utils.autoreload INFO     C:\Users\mchouras\Desktop\Home Automation\home_automation\device_crud\views.py changed, reloading.
2020-04-06 02:32:18,649 django.utils.autoreload INFO     Watching for file changes with StatReloader
2020-04-06 02:32:35,434 django.utils.autoreload INFO     C:\Users\mchouras\Desktop\Home Automation\home_automation\device_crud\views.py changed, reloading.
2020-04-06 02:32:40,166 django.utils.autoreload INFO     Watching for file changes with StatReloader
2020-04-06 11:17:13,778 django.utils.autoreload INFO     Watching for file changes with StatReloader
2020-04-06 12:07:10,526 django.request ERROR    Internal Server Error: /api/deviceList/
Traceback (most recent call last):
  File "C:\Users\mchouras\Desktop\Home Automation\env\lib\site-packages\django\core\handlers\exception.py", line 34, in inner
    response = get_response(request)
  File "C:\Users\mchouras\Desktop\Home Automation\env\lib\site-packages\django\core\handlers\base.py", line 115, in _get_response
    response = self.process_exception_by_middleware(e, request)
  File "C:\Users\mchouras\Desktop\Home Automation\env\lib\site-packages\django\core\handlers\base.py", line 113, in _get_response
    response = wrapped_callback(request, *callback_args, **callback_kwargs)
  File "C:\Users\mchouras\Desktop\Home Automation\env\lib\site-packages\django\views\decorators\csrf.py", line 54, in wrapped_view
    return view_func(*args, **kwargs)
  File "C:\Users\mchouras\Desktop\Home Automation\env\lib\site-packages\django\views\generic\base.py", line 71, in view
    return self.dispatch(request, *args, **kwargs)
  File "C:\Users\mchouras\Desktop\Home Automation\env\lib\site-packages\rest_framework\views.py", line 505, in dispatch
    response = self.handle_exception(exc)
  File "C:\Users\mchouras\Desktop\Home Automation\env\lib\site-packages\rest_framework\views.py", line 465, in handle_exception
    self.raise_uncaught_exception(exc)
  File "C:\Users\mchouras\Desktop\Home Automation\env\lib\site-packages\rest_framework\views.py", line 476, in raise_uncaught_exception
    raise exc
  File "C:\Users\mchouras\Desktop\Home Automation\env\lib\site-packages\rest_framework\views.py", line 502, in dispatch
    response = handler(request, *args, **kwargs)
  File "C:\Users\mchouras\Desktop\Home Automation\env\lib\site-packages\rest_framework\decorators.py", line 50, in handler
    return func(*args, **kwargs)
  File "C:\Users\mchouras\Desktop\Home Automation\env\lib\site-packages\django\views\decorators\csrf.py", line 54, in wrapped_view
    return view_func(*args, **kwargs)
  File "C:\Users\mchouras\Desktop\Home Automation\home_automation\device_crud\views.py", line 20, in getdevice
    return JsonResponse({'devices': serializer.data}, safe=False, status=status.HTTP_200_OK)
  File "C:\Users\mchouras\Desktop\Home Automation\env\lib\site-packages\rest_framework\serializers.py", line 760, in data
    ret = super().data
  File "C:\Users\mchouras\Desktop\Home Automation\env\lib\site-packages\rest_framework\serializers.py", line 260, in data
    self._data = self.to_representation(self.instance)
  File "C:\Users\mchouras\Desktop\Home Automation\env\lib\site-packages\rest_framework\serializers.py", line 678, in to_representation
    self.child.to_representation(item) for item in iterable
TypeError: 'ModelBase' object is not iterable
2020-04-06 12:15:47,180 django.utils.autoreload INFO     C:\Users\mchouras\Desktop\Home Automation\home_automation\device_crud\serializers.py changed, reloading.
2020-04-06 12:15:50,876 django.utils.autoreload INFO     Watching for file changes with StatReloader
